Copyright 1986-2018 Xilinx, Inc. All Rights Reserved.
-------------------------------------------------------------------------------------------------------------------
| Tool Version : Vivado v.2018.1 (lin64) Build 2188600 Wed Apr  4 18:39:19 MDT 2018
| Date         : Fri Jul  6 19:48:14 2018
| Host         : rdusr219.slac.stanford.edu running 64-bit Red Hat Enterprise Linux Server release 6.10 (Santiago)
| Command      : report_timing -file ./report/DuneDataCompressionCore_timing_synth.rpt
| Design       : DuneDataCompressionCore
| Device       : 7z045-ffg900
| Speed File   : -2  PRODUCTION 1.11 2014-09-11
-------------------------------------------------------------------------------------------------------------------

Timing Report

Slack (MET) :             0.498ns  (required time - arrival time)
  Source:                 handle_packet_U0/process_packet_U0/grp_write_packet_fu_414/grp_write_adcs4_fu_689/encode4_U0/APE_encode141_U0/r_V_68_reg_3352_reg[3]/C
                            (rising edge-triggered cell FDRE clocked by ap_clk  {rise@0.000ns fall@4.000ns period=8.000ns})
  Destination:            handle_packet_U0/process_packet_U0/grp_write_packet_fu_414/grp_write_adcs4_fu_689/encode4_U0/APE_encode141_U0/cv_m_lo_V_4_reg_3341_reg[0]/D
                            (rising edge-triggered cell FDRE clocked by ap_clk  {rise@0.000ns fall@4.000ns period=8.000ns})
  Path Group:             ap_clk
  Path Type:              Setup (Max at Slow Process Corner)
  Requirement:            8.000ns  (ap_clk rise@8.000ns - ap_clk rise@0.000ns)
  Data Path Delay:        7.435ns  (logic 3.756ns (50.518%)  route 3.679ns (49.482%))
  Logic Levels:           9  (CARRY4=2 DSP48E1=1 LUT4=2 LUT5=1 LUT6=3)
  Clock Path Skew:        -0.027ns (DCD - SCD + CPR)
    Destination Clock Delay (DCD):    0.510ns = ( 8.510 - 8.000 ) 
    Source Clock Delay      (SCD):    0.537ns
    Clock Pessimism Removal (CPR):    0.000ns
  Clock Uncertainty:      0.035ns  ((TSJ^2 + TIJ^2)^1/2 + DJ) / 2 + PE
    Total System Jitter     (TSJ):    0.071ns
    Total Input Jitter      (TIJ):    0.000ns
    Discrete Jitter          (DJ):    0.000ns
    Phase Error              (PE):    0.000ns

    Location             Delay type                Incr(ns)  Path(ns)    Netlist Resource(s)
  -------------------------------------------------------------------    -------------------
                         (clock ap_clk rise edge)     0.000     0.000 r  
                                                      0.000     0.000 r  ap_clk (IN)
                         net (fo=28316, unset)        0.537     0.537    handle_packet_U0/process_packet_U0/grp_write_packet_fu_414/grp_write_adcs4_fu_689/encode4_U0/APE_encode141_U0/ap_clk
                         FDRE                                         r  handle_packet_U0/process_packet_U0/grp_write_packet_fu_414/grp_write_adcs4_fu_689/encode4_U0/APE_encode141_U0/r_V_68_reg_3352_reg[3]/C
  -------------------------------------------------------------------    -------------------
                         FDRE (Prop_fdre_C_Q)         0.233     0.770 f  handle_packet_U0/process_packet_U0/grp_write_packet_fu_414/grp_write_adcs4_fu_689/encode4_U0/APE_encode141_U0/r_V_68_reg_3352_reg[3]/Q
                         net (fo=6, unplaced)         0.559     1.329    handle_packet_U0/process_packet_U0/grp_write_packet_fu_414/grp_write_adcs4_fu_689/encode4_U0/APE_encode141_U0/DuneDataCompressibKp_U603/DuneDataCompressibKp_DSP48_0_U/r_V_68_reg_3352_reg[11][3]
                         LUT6 (Prop_lut6_I0_O)        0.123     1.452 r  handle_packet_U0/process_packet_U0/grp_write_packet_fu_414/grp_write_adcs4_fu_689/encode4_U0/APE_encode141_U0/DuneDataCompressibKp_U603/DuneDataCompressibKp_DSP48_0_U/nreduce_V_reg_3366[2]_i_2__2/O
                         net (fo=2, unplaced)         0.543     1.995    handle_packet_U0/process_packet_U0/grp_write_packet_fu_414/grp_write_adcs4_fu_689/encode4_U0/APE_encode141_U0/DuneDataCompressibKp_U603/DuneDataCompressibKp_DSP48_0_U/nreduce_V_reg_3366[2]_i_2__2_n_0
                         LUT6 (Prop_lut6_I0_O)        0.043     2.038 r  handle_packet_U0/process_packet_U0/grp_write_packet_fu_414/grp_write_adcs4_fu_689/encode4_U0/APE_encode141_U0/DuneDataCompressibKp_U603/DuneDataCompressibKp_DSP48_0_U/nreduce_V_reg_3366[2]_i_1__2/O
                         net (fo=31, unplaced)        0.312     2.350    handle_packet_U0/process_packet_U0/grp_write_packet_fu_414/grp_write_adcs4_fu_689/encode4_U0/APE_encode141_U0/DuneDataCompressibKp_U603/DuneDataCompressibKp_DSP48_0_U/nreduce_V_reg_3366_reg[2]
                         LUT4 (Prop_lut4_I1_O)        0.043     2.393 f  handle_packet_U0/process_packet_U0/grp_write_packet_fu_414/grp_write_adcs4_fu_689/encode4_U0/APE_encode141_U0/DuneDataCompressibKp_U603/DuneDataCompressibKp_DSP48_0_U/etx_cv_m_hi_V_reg_1138[10]_i_3__0/O
                         net (fo=4, unplaced)         0.563     2.956    handle_packet_U0/process_packet_U0/grp_write_packet_fu_414/grp_write_adcs4_fu_689/encode4_U0/APE_encode141_U0/DuneDataCompressibKp_U603/DuneDataCompressibKp_DSP48_0_U/etx_cv_m_hi_V_reg_1138[10]_i_3__0_n_0
                         LUT6 (Prop_lut6_I0_O)        0.043     2.999 r  handle_packet_U0/process_packet_U0/grp_write_packet_fu_414/grp_write_adcs4_fu_689/encode4_U0/APE_encode141_U0/DuneDataCompressibKp_U603/DuneDataCompressibKp_DSP48_0_U/etx_cv_m_hi_V_reg_1138[8]_i_2__1/O
                         net (fo=2, unplaced)         0.281     3.280    handle_packet_U0/process_packet_U0/grp_write_packet_fu_414/grp_write_adcs4_fu_689/encode4_U0/APE_encode141_U0/DuneDataCompressibKp_U603/DuneDataCompressibKp_DSP48_0_U/etx_cv_m_hi_V_reg_1138_reg[1][2]
                         LUT4 (Prop_lut4_I0_O)        0.043     3.323 r  handle_packet_U0/process_packet_U0/grp_write_packet_fu_414/grp_write_adcs4_fu_689/encode4_U0/APE_encode141_U0/DuneDataCompressibKp_U603/DuneDataCompressibKp_DSP48_0_U/p_i_72__2/O
                         net (fo=3, unplaced)         0.288     3.611    handle_packet_U0/process_packet_U0/grp_write_packet_fu_414/grp_write_adcs4_fu_689/encode4_U0/APE_encode141_U0/DuneDataCompressibKp_U603/DuneDataCompressibKp_DSP48_0_U/p_i_72__2_n_0
                         LUT5 (Prop_lut5_I4_O)        0.043     3.654 r  handle_packet_U0/process_packet_U0/grp_write_packet_fu_414/grp_write_adcs4_fu_689/encode4_U0/APE_encode141_U0/DuneDataCompressibKp_U603/DuneDataCompressibKp_DSP48_0_U/p_i_41__2/O
                         net (fo=1, unplaced)         0.294     3.948    handle_packet_U0/process_packet_U0/grp_write_packet_fu_414/grp_write_adcs4_fu_689/encode4_U0/APE_encode141_U0/DuneDataCompressibKp_U603/DuneDataCompressibKp_DSP48_0_U/p_i_41__2_n_0
                         CARRY4 (Prop_carry4_DI[1]_CO[3])
                                                      0.253     4.201 r  handle_packet_U0/process_packet_U0/grp_write_packet_fu_414/grp_write_adcs4_fu_689/encode4_U0/APE_encode141_U0/DuneDataCompressibKp_U603/DuneDataCompressibKp_DSP48_0_U/p_i_13__4/CO[3]
                         net (fo=1, unplaced)         0.000     4.201    handle_packet_U0/process_packet_U0/grp_write_packet_fu_414/grp_write_adcs4_fu_689/encode4_U0/APE_encode141_U0/DuneDataCompressibKp_U603/DuneDataCompressibKp_DSP48_0_U/p_i_13__4_n_0
                         CARRY4 (Prop_carry4_CI_O[0])
                                                      0.114     4.315 r  handle_packet_U0/process_packet_U0/grp_write_packet_fu_414/grp_write_adcs4_fu_689/encode4_U0/APE_encode141_U0/DuneDataCompressibKp_U603/DuneDataCompressibKp_DSP48_0_U/p_i_12__4/O[0]
                         net (fo=2, unplaced)         0.419     4.734    handle_packet_U0/process_packet_U0/grp_write_packet_fu_414/grp_write_adcs4_fu_689/encode4_U0/APE_encode141_U0/DuneDataCompressibLp_U604/DuneDataCompressibLp_DSP48_1_U/A[12]
                         DSP48E1 (Prop_dsp48e1_A[12]_P[10])
                                                      2.818     7.552 r  handle_packet_U0/process_packet_U0/grp_write_packet_fu_414/grp_write_adcs4_fu_689/encode4_U0/APE_encode141_U0/DuneDataCompressibLp_U604/DuneDataCompressibLp_DSP48_1_U/p/P[10]
                         net (fo=3, unplaced)         0.419     7.972    handle_packet_U0/process_packet_U0/grp_write_packet_fu_414/grp_write_adcs4_fu_689/encode4_U0/APE_encode141_U0/grp_fu_2800_p3[10]
                         FDRE                                         r  handle_packet_U0/process_packet_U0/grp_write_packet_fu_414/grp_write_adcs4_fu_689/encode4_U0/APE_encode141_U0/cv_m_lo_V_4_reg_3341_reg[0]/D
  -------------------------------------------------------------------    -------------------

                         (clock ap_clk rise edge)     8.000     8.000 r  
                                                      0.000     8.000 r  ap_clk (IN)
                         net (fo=28316, unset)        0.510     8.510    handle_packet_U0/process_packet_U0/grp_write_packet_fu_414/grp_write_adcs4_fu_689/encode4_U0/APE_encode141_U0/ap_clk
                         FDRE                                         r  handle_packet_U0/process_packet_U0/grp_write_packet_fu_414/grp_write_adcs4_fu_689/encode4_U0/APE_encode141_U0/cv_m_lo_V_4_reg_3341_reg[0]/C
                         clock pessimism              0.000     8.510    
                         clock uncertainty           -0.035     8.475    
                         FDRE (Setup_fdre_C_D)       -0.005     8.470    handle_packet_U0/process_packet_U0/grp_write_packet_fu_414/grp_write_adcs4_fu_689/encode4_U0/APE_encode141_U0/cv_m_lo_V_4_reg_3341_reg[0]
  -------------------------------------------------------------------
                         required time                          8.470    
                         arrival time                          -7.972    
  -------------------------------------------------------------------
                         slack                                  0.498    




